Starting SellApplication on LAPTOP-GQT3P51F with PID 6488 (C:\IdeaProjects\sell\target\classes started by 54060 in C:\IdeaProjects\sell)
No active profile set, falling back to default profiles: default
Refreshing org.springframework.boot.context.embedded.AnnotationConfigEmbeddedWebApplicationContext@1ff3e9e: startup date [Thu Sep 06 10:15:54 CST 2018]; root of context hierarchy
HV000001: Hibernate Validator 5.3.5.Final
Multiple Spring Data modules found, entering strict repository configuration mode!
Multiple Spring Data modules found, entering strict repository configuration mode!
Spring Data Redis - Could not safely identify store assignment for repository candidate interface com.imooc.repository.ProductCategoryRepository.
Spring Data Redis - Could not safely identify store assignment for repository candidate interface com.imooc.repository.OrderDetailRepository.
Spring Data Redis - Could not safely identify store assignment for repository candidate interface com.imooc.repository.SellerInfoRepository.
Spring Data Redis - Could not safely identify store assignment for repository candidate interface com.imooc.repository.OrderMasterRepository.
Spring Data Redis - Could not safely identify store assignment for repository candidate interface com.imooc.repository.ProductInfoRepository.
JSR-330 'javax.inject.Inject' annotation found and supported for autowiring
Tomcat initialized with port(s): 8080 (http)
Starting service Tomcat
Starting Servlet Engine: Apache Tomcat/8.5.14
Initializing Spring embedded WebApplicationContext
Root WebApplicationContext: initialization completed in 2463 ms
Mapping servlet: 'dispatcherServlet' to [/]
Mapping filter: 'characterEncodingFilter' to: [/*]
Mapping filter: 'hiddenHttpMethodFilter' to: [/*]
Mapping filter: 'httpPutFormContentFilter' to: [/*]
Mapping filter: 'requestContextFilter' to: [/*]
Building JPA container EntityManagerFactory for persistence unit 'default'
HHH000204: Processing PersistenceUnitInfo [
	name: default
	...]
HHH000412: Hibernate Core {5.0.12.Final}
HHH000206: hibernate.properties not found
HHH000021: Bytecode provider name : javassist
HCANN000001: Hibernate Commons Annotations {5.0.1.Final}
HHH000400: Using dialect: org.hibernate.dialect.MySQL5Dialect
Initialized JPA EntityManagerFactory for persistence unit 'default'
Looking for @ControllerAdvice: org.springframework.boot.context.embedded.AnnotationConfigEmbeddedWebApplicationContext@1ff3e9e: startup date [Thu Sep 06 10:15:54 CST 2018]; root of context hierarchy
Mapped "{[/buyer/order/list],methods=[GET]}" onto public com.imooc.vo.ResultVO<java.util.List<com.imooc.dto.OrderDTO>> com.imooc.controller.BuyerOrderController.list(java.lang.String,java.lang.Integer,java.lang.Integer)
Mapped "{[/buyer/order/create],methods=[POST]}" onto public com.imooc.vo.ResultVO<java.util.Map<java.lang.String, java.lang.String>> com.imooc.controller.BuyerOrderController.create(com.imooc.form.OrderForm,org.springframework.validation.BindingResult)
Mapped "{[/buyer/order/cancel],methods=[POST]}" onto public com.imooc.vo.ResultVO com.imooc.controller.BuyerOrderController.cancel(java.lang.String,java.lang.String)
Mapped "{[/buyer/order/detail],methods=[GET]}" onto public com.imooc.vo.ResultVO<com.imooc.dto.OrderDTO> com.imooc.controller.BuyerOrderController.detail(java.lang.String,java.lang.String)
Mapped "{[/buyer/product/list],methods=[GET]}" onto public com.imooc.vo.ResultVO com.imooc.controller.BuyerProductController.List()
Mapped "{[/notify],methods=[POST]}" onto public org.springframework.web.servlet.ModelAndView com.imooc.controller.PayController.notify(java.lang.String)
Mapped "{[/create],methods=[GET]}" onto public org.springframework.web.servlet.ModelAndView com.imooc.controller.PayController.create(java.lang.String,java.lang.String,java.util.Map<java.lang.String, java.lang.Object>)
Mapped "{[/seller/category/index],methods=[GET]}" onto public org.springframework.web.servlet.ModelAndView com.imooc.controller.SellerCategoryController.index(java.lang.Integer,java.util.Map<java.lang.String, java.lang.Object>)
Mapped "{[/seller/category/list],methods=[GET]}" onto public org.springframework.web.servlet.ModelAndView com.imooc.controller.SellerCategoryController.list(java.util.Map<java.lang.String, java.lang.Object>)
Mapped "{[/seller/category/save],methods=[POST]}" onto public org.springframework.web.servlet.ModelAndView com.imooc.controller.SellerCategoryController.save(com.imooc.form.CategoryForm,org.springframework.validation.BindingResult,java.util.Map<java.lang.String, java.lang.Object>)
Mapped "{[/seller/order/list],methods=[GET]}" onto public org.springframework.web.servlet.ModelAndView com.imooc.controller.SellerOrderController.list(java.lang.Integer,java.lang.Integer,java.util.Map<java.lang.String, java.lang.Object>)
Mapped "{[/seller/order/cancel],methods=[GET]}" onto public org.springframework.web.servlet.ModelAndView com.imooc.controller.SellerOrderController.cancel(java.lang.String,java.util.Map<java.lang.String, java.lang.Object>)
Mapped "{[/seller/order/finish],methods=[GET]}" onto public org.springframework.web.servlet.ModelAndView com.imooc.controller.SellerOrderController.finished(java.lang.String,java.util.Map<java.lang.String, java.lang.Object>)
Mapped "{[/seller/order/detail],methods=[GET]}" onto public org.springframework.web.servlet.ModelAndView com.imooc.controller.SellerOrderController.detail(java.lang.String,java.util.Map<java.lang.String, java.lang.Object>)
Mapped "{[/seller/product/index],methods=[GET]}" onto public org.springframework.web.servlet.ModelAndView com.imooc.controller.SellerProductController.index(java.lang.String,java.util.Map<java.lang.String, java.lang.Object>)
Mapped "{[/seller/product/list],methods=[GET]}" onto public org.springframework.web.servlet.ModelAndView com.imooc.controller.SellerProductController.list(java.lang.Integer,java.lang.Integer,java.util.Map<java.lang.String, java.lang.Object>)
Mapped "{[/seller/product/save],methods=[POST]}" onto public org.springframework.web.servlet.ModelAndView com.imooc.controller.SellerProductController.save(com.imooc.form.ProductForm,org.springframework.validation.BindingResult,java.util.Map<java.lang.String, java.lang.Object>)
Mapped "{[/seller/product/on_sale]}" onto public org.springframework.web.servlet.ModelAndView com.imooc.controller.SellerProductController.onSale(java.lang.String,java.util.Map<java.lang.String, java.lang.Object>)
Mapped "{[/seller/product/off_sale]}" onto public org.springframework.web.servlet.ModelAndView com.imooc.controller.SellerProductController.offSale(java.lang.String,java.util.Map<java.lang.String, java.lang.Object>)
Mapped "{[/seller/login],methods=[GET]}" onto public org.springframework.web.servlet.ModelAndView com.imooc.controller.SellerUserController.login(java.lang.String,javax.servlet.http.HttpServletResponse,java.util.Map<java.lang.String, java.lang.Object>)
Mapped "{[/seller/logout],methods=[GET]}" onto public org.springframework.web.servlet.ModelAndView com.imooc.controller.SellerUserController.logout(javax.servlet.http.HttpServletRequest,javax.servlet.http.HttpServletResponse,java.util.Map<java.lang.String, java.lang.Object>)
Mapped "{[/wechat/userInfo],methods=[GET]}" onto public java.lang.String com.imooc.controller.WechatController.userInfo(java.lang.String,java.lang.String)
Mapped "{[/wechat/authorize],methods=[GET]}" onto public java.lang.String com.imooc.controller.WechatController.authorize(java.lang.String)
Mapped "{[/weixin/auth],methods=[GET]}" onto public void com.imooc.controller.WeixinController.auth(java.lang.String)
Mapped "{[/error]}" onto public org.springframework.http.ResponseEntity<java.util.Map<java.lang.String, java.lang.Object>> org.springframework.boot.autoconfigure.web.BasicErrorController.error(javax.servlet.http.HttpServletRequest)
Mapped "{[/error],produces=[text/html]}" onto public org.springframework.web.servlet.ModelAndView org.springframework.boot.autoconfigure.web.BasicErrorController.errorHtml(javax.servlet.http.HttpServletRequest,javax.servlet.http.HttpServletResponse)
Mapped URL path [/webjars/**] onto handler of type [class org.springframework.web.servlet.resource.ResourceHttpRequestHandler]
Mapped URL path [/**] onto handler of type [class org.springframework.web.servlet.resource.ResourceHttpRequestHandler]
Detected @ExceptionHandler methods in sellerExceptionHandler
Mapped URL path [/**/favicon.ico] onto handler of type [class org.springframework.web.servlet.resource.ResourceHttpRequestHandler]
ClassTemplateLoader for Spring macros added to FreeMarker configuration
Registering @ServerEndpoint class: class com.imooc.service.WebSocket
Registering beans for JMX exposure on startup
Initializing ProtocolHandler ["http-nio-8080"]
Starting ProtocolHandler ["http-nio-8080"]
Using a shared selector for servlet write/read
Tomcat started on port(s): 8080 (http)
Started SellApplication in 5.95 seconds (JVM running for 6.532)
Initializing Spring FrameworkServlet 'dispatcherServlet'
FrameworkServlet 'dispatcherServlet': initialization started
FrameworkServlet 'dispatcherServlet': initialization completed in 38 ms
HHH000397: Using ASTQueryTranslatorFactory
【websocket消息】有新的连接，总数：1
【websocket消息】连接断开，总数：0
【登录校验】Cookie中查不到token
【websocket消息】有新的连接，总数：1
Starting SellApplication on LAPTOP-GQT3P51F with PID 22404 (C:\IdeaProjects\sell\target\classes started by 54060 in C:\IdeaProjects\sell)
No active profile set, falling back to default profiles: default
Refreshing org.springframework.boot.context.embedded.AnnotationConfigEmbeddedWebApplicationContext@1ff3e9e: startup date [Thu Sep 06 10:32:16 CST 2018]; root of context hierarchy
HV000001: Hibernate Validator 5.3.5.Final
Multiple Spring Data modules found, entering strict repository configuration mode!
Multiple Spring Data modules found, entering strict repository configuration mode!
Spring Data Redis - Could not safely identify store assignment for repository candidate interface com.imooc.repository.ProductCategoryRepository.
Spring Data Redis - Could not safely identify store assignment for repository candidate interface com.imooc.repository.OrderDetailRepository.
Spring Data Redis - Could not safely identify store assignment for repository candidate interface com.imooc.repository.SellerInfoRepository.
Spring Data Redis - Could not safely identify store assignment for repository candidate interface com.imooc.repository.OrderMasterRepository.
Spring Data Redis - Could not safely identify store assignment for repository candidate interface com.imooc.repository.ProductInfoRepository.
JSR-330 'javax.inject.Inject' annotation found and supported for autowiring
Tomcat initialized with port(s): 8080 (http)
Starting service Tomcat
Starting Servlet Engine: Apache Tomcat/8.5.14
Initializing Spring embedded WebApplicationContext
Root WebApplicationContext: initialization completed in 2391 ms
Mapping servlet: 'dispatcherServlet' to [/]
Mapping filter: 'characterEncodingFilter' to: [/*]
Mapping filter: 'hiddenHttpMethodFilter' to: [/*]
Mapping filter: 'httpPutFormContentFilter' to: [/*]
Mapping filter: 'requestContextFilter' to: [/*]
Building JPA container EntityManagerFactory for persistence unit 'default'
HHH000204: Processing PersistenceUnitInfo [
	name: default
	...]
HHH000412: Hibernate Core {5.0.12.Final}
HHH000206: hibernate.properties not found
HHH000021: Bytecode provider name : javassist
HCANN000001: Hibernate Commons Annotations {5.0.1.Final}
HHH000400: Using dialect: org.hibernate.dialect.MySQL5Dialect
Initialized JPA EntityManagerFactory for persistence unit 'default'
Looking for @ControllerAdvice: org.springframework.boot.context.embedded.AnnotationConfigEmbeddedWebApplicationContext@1ff3e9e: startup date [Thu Sep 06 10:32:16 CST 2018]; root of context hierarchy
Mapped "{[/buyer/order/list],methods=[GET]}" onto public com.imooc.vo.ResultVO<java.util.List<com.imooc.dto.OrderDTO>> com.imooc.controller.BuyerOrderController.list(java.lang.String,java.lang.Integer,java.lang.Integer)
Mapped "{[/buyer/order/create],methods=[POST]}" onto public com.imooc.vo.ResultVO<java.util.Map<java.lang.String, java.lang.String>> com.imooc.controller.BuyerOrderController.create(com.imooc.form.OrderForm,org.springframework.validation.BindingResult)
Mapped "{[/buyer/order/cancel],methods=[POST]}" onto public com.imooc.vo.ResultVO com.imooc.controller.BuyerOrderController.cancel(java.lang.String,java.lang.String)
Mapped "{[/buyer/order/detail],methods=[GET]}" onto public com.imooc.vo.ResultVO<com.imooc.dto.OrderDTO> com.imooc.controller.BuyerOrderController.detail(java.lang.String,java.lang.String)
Mapped "{[/buyer/product/list],methods=[GET]}" onto public com.imooc.vo.ResultVO com.imooc.controller.BuyerProductController.List()
Mapped "{[/notify],methods=[POST]}" onto public org.springframework.web.servlet.ModelAndView com.imooc.controller.PayController.notify(java.lang.String)
Mapped "{[/create],methods=[GET]}" onto public org.springframework.web.servlet.ModelAndView com.imooc.controller.PayController.create(java.lang.String,java.lang.String,java.util.Map<java.lang.String, java.lang.Object>)
Mapped "{[/seller/category/index],methods=[GET]}" onto public org.springframework.web.servlet.ModelAndView com.imooc.controller.SellerCategoryController.index(java.lang.Integer,java.util.Map<java.lang.String, java.lang.Object>)
Mapped "{[/seller/category/list],methods=[GET]}" onto public org.springframework.web.servlet.ModelAndView com.imooc.controller.SellerCategoryController.list(java.util.Map<java.lang.String, java.lang.Object>)
Mapped "{[/seller/category/save],methods=[POST]}" onto public org.springframework.web.servlet.ModelAndView com.imooc.controller.SellerCategoryController.save(com.imooc.form.CategoryForm,org.springframework.validation.BindingResult,java.util.Map<java.lang.String, java.lang.Object>)
Mapped "{[/seller/order/list],methods=[GET]}" onto public org.springframework.web.servlet.ModelAndView com.imooc.controller.SellerOrderController.list(java.lang.Integer,java.lang.Integer,java.util.Map<java.lang.String, java.lang.Object>)
Mapped "{[/seller/order/finish],methods=[GET]}" onto public org.springframework.web.servlet.ModelAndView com.imooc.controller.SellerOrderController.finished(java.lang.String,java.util.Map<java.lang.String, java.lang.Object>)
Mapped "{[/seller/order/cancel],methods=[GET]}" onto public org.springframework.web.servlet.ModelAndView com.imooc.controller.SellerOrderController.cancel(java.lang.String,java.util.Map<java.lang.String, java.lang.Object>)
Mapped "{[/seller/order/detail],methods=[GET]}" onto public org.springframework.web.servlet.ModelAndView com.imooc.controller.SellerOrderController.detail(java.lang.String,java.util.Map<java.lang.String, java.lang.Object>)
Mapped "{[/seller/product/index],methods=[GET]}" onto public org.springframework.web.servlet.ModelAndView com.imooc.controller.SellerProductController.index(java.lang.String,java.util.Map<java.lang.String, java.lang.Object>)
Mapped "{[/seller/product/list],methods=[GET]}" onto public org.springframework.web.servlet.ModelAndView com.imooc.controller.SellerProductController.list(java.lang.Integer,java.lang.Integer,java.util.Map<java.lang.String, java.lang.Object>)
Mapped "{[/seller/product/save],methods=[POST]}" onto public org.springframework.web.servlet.ModelAndView com.imooc.controller.SellerProductController.save(com.imooc.form.ProductForm,org.springframework.validation.BindingResult,java.util.Map<java.lang.String, java.lang.Object>)
Mapped "{[/seller/product/on_sale]}" onto public org.springframework.web.servlet.ModelAndView com.imooc.controller.SellerProductController.onSale(java.lang.String,java.util.Map<java.lang.String, java.lang.Object>)
Mapped "{[/seller/product/off_sale]}" onto public org.springframework.web.servlet.ModelAndView com.imooc.controller.SellerProductController.offSale(java.lang.String,java.util.Map<java.lang.String, java.lang.Object>)
Mapped "{[/seller/logout],methods=[GET]}" onto public org.springframework.web.servlet.ModelAndView com.imooc.controller.SellerUserController.logout(javax.servlet.http.HttpServletRequest,javax.servlet.http.HttpServletResponse,java.util.Map<java.lang.String, java.lang.Object>)
Mapped "{[/seller/login],methods=[GET]}" onto public org.springframework.web.servlet.ModelAndView com.imooc.controller.SellerUserController.login(java.lang.String,javax.servlet.http.HttpServletResponse,java.util.Map<java.lang.String, java.lang.Object>)
Mapped "{[/wechat/userInfo],methods=[GET]}" onto public java.lang.String com.imooc.controller.WechatController.userInfo(java.lang.String,java.lang.String)
Mapped "{[/wechat/authorize],methods=[GET]}" onto public java.lang.String com.imooc.controller.WechatController.authorize(java.lang.String)
Mapped "{[/weixin/auth],methods=[GET]}" onto public void com.imooc.controller.WeixinController.auth(java.lang.String)
Mapped "{[/error]}" onto public org.springframework.http.ResponseEntity<java.util.Map<java.lang.String, java.lang.Object>> org.springframework.boot.autoconfigure.web.BasicErrorController.error(javax.servlet.http.HttpServletRequest)
Mapped "{[/error],produces=[text/html]}" onto public org.springframework.web.servlet.ModelAndView org.springframework.boot.autoconfigure.web.BasicErrorController.errorHtml(javax.servlet.http.HttpServletRequest,javax.servlet.http.HttpServletResponse)
Mapped URL path [/webjars/**] onto handler of type [class org.springframework.web.servlet.resource.ResourceHttpRequestHandler]
Mapped URL path [/**] onto handler of type [class org.springframework.web.servlet.resource.ResourceHttpRequestHandler]
Detected @ExceptionHandler methods in sellerExceptionHandler
Mapped URL path [/**/favicon.ico] onto handler of type [class org.springframework.web.servlet.resource.ResourceHttpRequestHandler]
ClassTemplateLoader for Spring macros added to FreeMarker configuration
Registering @ServerEndpoint class: class com.imooc.service.WebSocket
Registering beans for JMX exposure on startup
Initializing ProtocolHandler ["http-nio-8080"]
Starting ProtocolHandler ["http-nio-8080"]
Using a shared selector for servlet write/read
Tomcat started on port(s): 8080 (http)
Started SellApplication in 5.88 seconds (JVM running for 7.317)
Initializing Spring FrameworkServlet 'dispatcherServlet'
FrameworkServlet 'dispatcherServlet': initialization started
FrameworkServlet 'dispatcherServlet': initialization completed in 19 ms
HHH000397: Using ASTQueryTranslatorFactory
【websocket消息】有新的连接，总数：1
【websocket消息】连接断开，总数：0
【websocket消息】有新的连接，总数：1
【websocket消息】连接断开，总数：0
Starting SellApplication on LAPTOP-GQT3P51F with PID 27356 (C:\IdeaProjects\sell\target\classes started by 54060 in C:\IdeaProjects\sell)
No active profile set, falling back to default profiles: default
Refreshing org.springframework.boot.context.embedded.AnnotationConfigEmbeddedWebApplicationContext@1ff3e9e: startup date [Thu Sep 06 10:33:26 CST 2018]; root of context hierarchy
HV000001: Hibernate Validator 5.3.5.Final
Multiple Spring Data modules found, entering strict repository configuration mode!
Multiple Spring Data modules found, entering strict repository configuration mode!
Spring Data Redis - Could not safely identify store assignment for repository candidate interface com.imooc.repository.ProductCategoryRepository.
Spring Data Redis - Could not safely identify store assignment for repository candidate interface com.imooc.repository.OrderDetailRepository.
Spring Data Redis - Could not safely identify store assignment for repository candidate interface com.imooc.repository.SellerInfoRepository.
Spring Data Redis - Could not safely identify store assignment for repository candidate interface com.imooc.repository.OrderMasterRepository.
Spring Data Redis - Could not safely identify store assignment for repository candidate interface com.imooc.repository.ProductInfoRepository.
JSR-330 'javax.inject.Inject' annotation found and supported for autowiring
Tomcat initialized with port(s): 8080 (http)
Starting service Tomcat
Starting Servlet Engine: Apache Tomcat/8.5.14
Initializing Spring embedded WebApplicationContext
Root WebApplicationContext: initialization completed in 1622 ms
Mapping servlet: 'dispatcherServlet' to [/]
Mapping filter: 'characterEncodingFilter' to: [/*]
Mapping filter: 'hiddenHttpMethodFilter' to: [/*]
Mapping filter: 'httpPutFormContentFilter' to: [/*]
Mapping filter: 'requestContextFilter' to: [/*]
Building JPA container EntityManagerFactory for persistence unit 'default'
HHH000204: Processing PersistenceUnitInfo [
	name: default
	...]
HHH000412: Hibernate Core {5.0.12.Final}
HHH000206: hibernate.properties not found
HHH000021: Bytecode provider name : javassist
HCANN000001: Hibernate Commons Annotations {5.0.1.Final}
HHH000400: Using dialect: org.hibernate.dialect.MySQL5Dialect
Initialized JPA EntityManagerFactory for persistence unit 'default'
Looking for @ControllerAdvice: org.springframework.boot.context.embedded.AnnotationConfigEmbeddedWebApplicationContext@1ff3e9e: startup date [Thu Sep 06 10:33:26 CST 2018]; root of context hierarchy
Mapped "{[/buyer/order/list],methods=[GET]}" onto public com.imooc.vo.ResultVO<java.util.List<com.imooc.dto.OrderDTO>> com.imooc.controller.BuyerOrderController.list(java.lang.String,java.lang.Integer,java.lang.Integer)
Mapped "{[/buyer/order/create],methods=[POST]}" onto public com.imooc.vo.ResultVO<java.util.Map<java.lang.String, java.lang.String>> com.imooc.controller.BuyerOrderController.create(com.imooc.form.OrderForm,org.springframework.validation.BindingResult)
Mapped "{[/buyer/order/cancel],methods=[POST]}" onto public com.imooc.vo.ResultVO com.imooc.controller.BuyerOrderController.cancel(java.lang.String,java.lang.String)
Mapped "{[/buyer/order/detail],methods=[GET]}" onto public com.imooc.vo.ResultVO<com.imooc.dto.OrderDTO> com.imooc.controller.BuyerOrderController.detail(java.lang.String,java.lang.String)
Mapped "{[/buyer/product/list],methods=[GET]}" onto public com.imooc.vo.ResultVO com.imooc.controller.BuyerProductController.List()
Mapped "{[/notify],methods=[POST]}" onto public org.springframework.web.servlet.ModelAndView com.imooc.controller.PayController.notify(java.lang.String)
Mapped "{[/create],methods=[GET]}" onto public org.springframework.web.servlet.ModelAndView com.imooc.controller.PayController.create(java.lang.String,java.lang.String,java.util.Map<java.lang.String, java.lang.Object>)
Mapped "{[/seller/category/index],methods=[GET]}" onto public org.springframework.web.servlet.ModelAndView com.imooc.controller.SellerCategoryController.index(java.lang.Integer,java.util.Map<java.lang.String, java.lang.Object>)
Mapped "{[/seller/category/list],methods=[GET]}" onto public org.springframework.web.servlet.ModelAndView com.imooc.controller.SellerCategoryController.list(java.util.Map<java.lang.String, java.lang.Object>)
Mapped "{[/seller/category/save],methods=[POST]}" onto public org.springframework.web.servlet.ModelAndView com.imooc.controller.SellerCategoryController.save(com.imooc.form.CategoryForm,org.springframework.validation.BindingResult,java.util.Map<java.lang.String, java.lang.Object>)
Mapped "{[/seller/order/list],methods=[GET]}" onto public org.springframework.web.servlet.ModelAndView com.imooc.controller.SellerOrderController.list(java.lang.Integer,java.lang.Integer,java.util.Map<java.lang.String, java.lang.Object>)
Mapped "{[/seller/order/cancel],methods=[GET]}" onto public org.springframework.web.servlet.ModelAndView com.imooc.controller.SellerOrderController.cancel(java.lang.String,java.util.Map<java.lang.String, java.lang.Object>)
Mapped "{[/seller/order/finish],methods=[GET]}" onto public org.springframework.web.servlet.ModelAndView com.imooc.controller.SellerOrderController.finished(java.lang.String,java.util.Map<java.lang.String, java.lang.Object>)
Mapped "{[/seller/order/detail],methods=[GET]}" onto public org.springframework.web.servlet.ModelAndView com.imooc.controller.SellerOrderController.detail(java.lang.String,java.util.Map<java.lang.String, java.lang.Object>)
Mapped "{[/seller/product/index],methods=[GET]}" onto public org.springframework.web.servlet.ModelAndView com.imooc.controller.SellerProductController.index(java.lang.String,java.util.Map<java.lang.String, java.lang.Object>)
Mapped "{[/seller/product/list],methods=[GET]}" onto public org.springframework.web.servlet.ModelAndView com.imooc.controller.SellerProductController.list(java.lang.Integer,java.lang.Integer,java.util.Map<java.lang.String, java.lang.Object>)
Mapped "{[/seller/product/save],methods=[POST]}" onto public org.springframework.web.servlet.ModelAndView com.imooc.controller.SellerProductController.save(com.imooc.form.ProductForm,org.springframework.validation.BindingResult,java.util.Map<java.lang.String, java.lang.Object>)
Mapped "{[/seller/product/on_sale]}" onto public org.springframework.web.servlet.ModelAndView com.imooc.controller.SellerProductController.onSale(java.lang.String,java.util.Map<java.lang.String, java.lang.Object>)
Mapped "{[/seller/product/off_sale]}" onto public org.springframework.web.servlet.ModelAndView com.imooc.controller.SellerProductController.offSale(java.lang.String,java.util.Map<java.lang.String, java.lang.Object>)
Mapped "{[/seller/login],methods=[GET]}" onto public org.springframework.web.servlet.ModelAndView com.imooc.controller.SellerUserController.login(java.lang.String,javax.servlet.http.HttpServletResponse,java.util.Map<java.lang.String, java.lang.Object>)
Mapped "{[/seller/logout],methods=[GET]}" onto public org.springframework.web.servlet.ModelAndView com.imooc.controller.SellerUserController.logout(javax.servlet.http.HttpServletRequest,javax.servlet.http.HttpServletResponse,java.util.Map<java.lang.String, java.lang.Object>)
Mapped "{[/wechat/userInfo],methods=[GET]}" onto public java.lang.String com.imooc.controller.WechatController.userInfo(java.lang.String,java.lang.String)
Mapped "{[/wechat/authorize],methods=[GET]}" onto public java.lang.String com.imooc.controller.WechatController.authorize(java.lang.String)
Mapped "{[/weixin/auth],methods=[GET]}" onto public void com.imooc.controller.WeixinController.auth(java.lang.String)
Mapped "{[/error]}" onto public org.springframework.http.ResponseEntity<java.util.Map<java.lang.String, java.lang.Object>> org.springframework.boot.autoconfigure.web.BasicErrorController.error(javax.servlet.http.HttpServletRequest)
Mapped "{[/error],produces=[text/html]}" onto public org.springframework.web.servlet.ModelAndView org.springframework.boot.autoconfigure.web.BasicErrorController.errorHtml(javax.servlet.http.HttpServletRequest,javax.servlet.http.HttpServletResponse)
Mapped URL path [/webjars/**] onto handler of type [class org.springframework.web.servlet.resource.ResourceHttpRequestHandler]
Mapped URL path [/**] onto handler of type [class org.springframework.web.servlet.resource.ResourceHttpRequestHandler]
Detected @ExceptionHandler methods in sellerExceptionHandler
Mapped URL path [/**/favicon.ico] onto handler of type [class org.springframework.web.servlet.resource.ResourceHttpRequestHandler]
ClassTemplateLoader for Spring macros added to FreeMarker configuration
Registering @ServerEndpoint class: class com.imooc.service.WebSocket
Registering beans for JMX exposure on startup
Initializing ProtocolHandler ["http-nio-8080"]
Starting ProtocolHandler ["http-nio-8080"]
Using a shared selector for servlet write/read
Tomcat started on port(s): 8080 (http)
Started SellApplication in 4.61 seconds (JVM running for 4.95)
Initializing Spring FrameworkServlet 'dispatcherServlet'
FrameworkServlet 'dispatcherServlet': initialization started
FrameworkServlet 'dispatcherServlet': initialization completed in 18 ms
HHH000397: Using ASTQueryTranslatorFactory
Starting SellApplication on LAPTOP-GQT3P51F with PID 21040 (C:\IdeaProjects\sell\target\classes started by 54060 in C:\IdeaProjects\sell)
No active profile set, falling back to default profiles: default
Refreshing org.springframework.boot.context.embedded.AnnotationConfigEmbeddedWebApplicationContext@1ff3e9e: startup date [Thu Sep 06 10:47:29 CST 2018]; root of context hierarchy
HV000001: Hibernate Validator 5.3.5.Final
Multiple Spring Data modules found, entering strict repository configuration mode!
Multiple Spring Data modules found, entering strict repository configuration mode!
Spring Data Redis - Could not safely identify store assignment for repository candidate interface com.imooc.repository.ProductCategoryRepository.
Spring Data Redis - Could not safely identify store assignment for repository candidate interface com.imooc.repository.OrderDetailRepository.
Spring Data Redis - Could not safely identify store assignment for repository candidate interface com.imooc.repository.SellerInfoRepository.
Spring Data Redis - Could not safely identify store assignment for repository candidate interface com.imooc.repository.OrderMasterRepository.
Spring Data Redis - Could not safely identify store assignment for repository candidate interface com.imooc.repository.ProductInfoRepository.
JSR-330 'javax.inject.Inject' annotation found and supported for autowiring
Tomcat initialized with port(s): 8080 (http)
Starting service Tomcat
Starting Servlet Engine: Apache Tomcat/8.5.14
Initializing Spring embedded WebApplicationContext
Root WebApplicationContext: initialization completed in 1921 ms
Mapping servlet: 'dispatcherServlet' to [/]
Mapping filter: 'characterEncodingFilter' to: [/*]
Mapping filter: 'hiddenHttpMethodFilter' to: [/*]
Mapping filter: 'httpPutFormContentFilter' to: [/*]
Mapping filter: 'requestContextFilter' to: [/*]
Building JPA container EntityManagerFactory for persistence unit 'default'
HHH000204: Processing PersistenceUnitInfo [
	name: default
	...]
HHH000412: Hibernate Core {5.0.12.Final}
HHH000206: hibernate.properties not found
HHH000021: Bytecode provider name : javassist
HCANN000001: Hibernate Commons Annotations {5.0.1.Final}
HHH000400: Using dialect: org.hibernate.dialect.MySQL5Dialect
Initialized JPA EntityManagerFactory for persistence unit 'default'
Looking for @ControllerAdvice: org.springframework.boot.context.embedded.AnnotationConfigEmbeddedWebApplicationContext@1ff3e9e: startup date [Thu Sep 06 10:47:29 CST 2018]; root of context hierarchy
Mapped "{[/buyer/order/list],methods=[GET]}" onto public com.imooc.vo.ResultVO<java.util.List<com.imooc.dto.OrderDTO>> com.imooc.controller.BuyerOrderController.list(java.lang.String,java.lang.Integer,java.lang.Integer)
Mapped "{[/buyer/order/create],methods=[POST]}" onto public com.imooc.vo.ResultVO<java.util.Map<java.lang.String, java.lang.String>> com.imooc.controller.BuyerOrderController.create(com.imooc.form.OrderForm,org.springframework.validation.BindingResult)
Mapped "{[/buyer/order/cancel],methods=[POST]}" onto public com.imooc.vo.ResultVO com.imooc.controller.BuyerOrderController.cancel(java.lang.String,java.lang.String)
Mapped "{[/buyer/order/detail],methods=[GET]}" onto public com.imooc.vo.ResultVO<com.imooc.dto.OrderDTO> com.imooc.controller.BuyerOrderController.detail(java.lang.String,java.lang.String)
Mapped "{[/buyer/product/list],methods=[GET]}" onto public com.imooc.vo.ResultVO com.imooc.controller.BuyerProductController.List()
Mapped "{[/notify],methods=[POST]}" onto public org.springframework.web.servlet.ModelAndView com.imooc.controller.PayController.notify(java.lang.String)
Mapped "{[/create],methods=[GET]}" onto public org.springframework.web.servlet.ModelAndView com.imooc.controller.PayController.create(java.lang.String,java.lang.String,java.util.Map<java.lang.String, java.lang.Object>)
Mapped "{[/skill/query/{productId}],methods=[GET]}" onto public java.lang.String com.imooc.controller.SecKillController.query(java.lang.String) throws java.lang.Exception
Mapped "{[/skill/order/{productId}],methods=[GET]}" onto public java.lang.String com.imooc.controller.SecKillController.skill(java.lang.String) throws java.lang.Exception
Mapped "{[/seller/category/index],methods=[GET]}" onto public org.springframework.web.servlet.ModelAndView com.imooc.controller.SellerCategoryController.index(java.lang.Integer,java.util.Map<java.lang.String, java.lang.Object>)
Mapped "{[/seller/category/list],methods=[GET]}" onto public org.springframework.web.servlet.ModelAndView com.imooc.controller.SellerCategoryController.list(java.util.Map<java.lang.String, java.lang.Object>)
Mapped "{[/seller/category/save],methods=[POST]}" onto public org.springframework.web.servlet.ModelAndView com.imooc.controller.SellerCategoryController.save(com.imooc.form.CategoryForm,org.springframework.validation.BindingResult,java.util.Map<java.lang.String, java.lang.Object>)
Mapped "{[/seller/order/list],methods=[GET]}" onto public org.springframework.web.servlet.ModelAndView com.imooc.controller.SellerOrderController.list(java.lang.Integer,java.lang.Integer,java.util.Map<java.lang.String, java.lang.Object>)
Mapped "{[/seller/order/finish],methods=[GET]}" onto public org.springframework.web.servlet.ModelAndView com.imooc.controller.SellerOrderController.finished(java.lang.String,java.util.Map<java.lang.String, java.lang.Object>)
Mapped "{[/seller/order/cancel],methods=[GET]}" onto public org.springframework.web.servlet.ModelAndView com.imooc.controller.SellerOrderController.cancel(java.lang.String,java.util.Map<java.lang.String, java.lang.Object>)
Mapped "{[/seller/order/detail],methods=[GET]}" onto public org.springframework.web.servlet.ModelAndView com.imooc.controller.SellerOrderController.detail(java.lang.String,java.util.Map<java.lang.String, java.lang.Object>)
Mapped "{[/seller/product/index],methods=[GET]}" onto public org.springframework.web.servlet.ModelAndView com.imooc.controller.SellerProductController.index(java.lang.String,java.util.Map<java.lang.String, java.lang.Object>)
Mapped "{[/seller/product/list],methods=[GET]}" onto public org.springframework.web.servlet.ModelAndView com.imooc.controller.SellerProductController.list(java.lang.Integer,java.lang.Integer,java.util.Map<java.lang.String, java.lang.Object>)
Mapped "{[/seller/product/save],methods=[POST]}" onto public org.springframework.web.servlet.ModelAndView com.imooc.controller.SellerProductController.save(com.imooc.form.ProductForm,org.springframework.validation.BindingResult,java.util.Map<java.lang.String, java.lang.Object>)
Mapped "{[/seller/product/on_sale]}" onto public org.springframework.web.servlet.ModelAndView com.imooc.controller.SellerProductController.onSale(java.lang.String,java.util.Map<java.lang.String, java.lang.Object>)
Mapped "{[/seller/product/off_sale]}" onto public org.springframework.web.servlet.ModelAndView com.imooc.controller.SellerProductController.offSale(java.lang.String,java.util.Map<java.lang.String, java.lang.Object>)
Mapped "{[/seller/logout],methods=[GET]}" onto public org.springframework.web.servlet.ModelAndView com.imooc.controller.SellerUserController.logout(javax.servlet.http.HttpServletRequest,javax.servlet.http.HttpServletResponse,java.util.Map<java.lang.String, java.lang.Object>)
Mapped "{[/seller/login],methods=[GET]}" onto public org.springframework.web.servlet.ModelAndView com.imooc.controller.SellerUserController.login(java.lang.String,javax.servlet.http.HttpServletResponse,java.util.Map<java.lang.String, java.lang.Object>)
Mapped "{[/wechat/userInfo],methods=[GET]}" onto public java.lang.String com.imooc.controller.WechatController.userInfo(java.lang.String,java.lang.String)
Mapped "{[/wechat/authorize],methods=[GET]}" onto public java.lang.String com.imooc.controller.WechatController.authorize(java.lang.String)
Mapped "{[/weixin/auth],methods=[GET]}" onto public void com.imooc.controller.WeixinController.auth(java.lang.String)
Mapped "{[/error]}" onto public org.springframework.http.ResponseEntity<java.util.Map<java.lang.String, java.lang.Object>> org.springframework.boot.autoconfigure.web.BasicErrorController.error(javax.servlet.http.HttpServletRequest)
Mapped "{[/error],produces=[text/html]}" onto public org.springframework.web.servlet.ModelAndView org.springframework.boot.autoconfigure.web.BasicErrorController.errorHtml(javax.servlet.http.HttpServletRequest,javax.servlet.http.HttpServletResponse)
Mapped URL path [/webjars/**] onto handler of type [class org.springframework.web.servlet.resource.ResourceHttpRequestHandler]
Mapped URL path [/**] onto handler of type [class org.springframework.web.servlet.resource.ResourceHttpRequestHandler]
Detected @ExceptionHandler methods in sellerExceptionHandler
Mapped URL path [/**/favicon.ico] onto handler of type [class org.springframework.web.servlet.resource.ResourceHttpRequestHandler]
ClassTemplateLoader for Spring macros added to FreeMarker configuration
Registering @ServerEndpoint class: class com.imooc.service.WebSocket
Registering beans for JMX exposure on startup
Initializing ProtocolHandler ["http-nio-8080"]
Starting ProtocolHandler ["http-nio-8080"]
Using a shared selector for servlet write/read
Tomcat started on port(s): 8080 (http)
Started SellApplication in 5.326 seconds (JVM running for 5.716)
Initializing Spring FrameworkServlet 'dispatcherServlet'
FrameworkServlet 'dispatcherServlet': initialization started
FrameworkServlet 'dispatcherServlet': initialization completed in 27 ms
@skill request, productId:123456
@skill request, productId:123456
@skill request, productId:123456
@skill request, productId:123456
@skill request, productId:123456
@skill request, productId:123456
@skill request, productId:123456
@skill request, productId:123456
@skill request, productId:123456
@skill request, productId:123456
